<?xml version="1.0" encoding="UTF-8"?>
<!-- Generated by org.testng.reporters.JUnitXMLReporter -->
<testsuite ignored="1" hostname="Godzilla-ASUSDesktop" failures="0" tests="5" name="Demo Webshop tests" time="21.601" errors="0" timestamp="2024-04-19T12:13:04 MDT">
  <testcase classname="com.eWebShop_PW.tests.LoginPageTests" name="LoginNavigation_Test" time="0.379"/>
  <testcase classname="com.eWebShop_PW.tests.HomePageSrchTests" name="searchPrd_Test" time="0.631"/>
  <testcase classname="com.eWebShop_PW.tests.HomePageSrchTests" name="searchPrd_Test" time="0.642"/>
  <testcase classname="com.eWebShop_PW.tests.HomePageSrchTests" name="homePageTitle_Test" time="0.004"/>
  <testcase classname="com.eWebShop_PW.tests.HomePageSrchTests" name="homePageURL_Test" time="0.003"/>
  <testcase classname="com.eWebShop_PW.Base.BaseTest" name="@BeforeSuite config" time="0.0">
    <ignored/>
  </testcase> <!-- @BeforeSuite config -->
</testsuite> <!-- Demo Webshop tests -->
