<?xml version="1.0" encoding="UTF-8"?>
<!-- Generated by org.testng.reporters.JUnitXMLReporter -->
<testsuite ignored="1" hostname="Godzilla-ASUSDesktop" failures="0" tests="5" name="Demo Webshop tests" time="22.502" errors="0" timestamp="2024-04-19T12:10:04 MDT">
  <testcase classname="com.eWebShop_PW.tests.LoginPageTests" name="LoginNavigation_Test" time="0.384"/>
  <testcase classname="com.eWebShop_PW.tests.HomePageSrchTests" name="searchPrd_Test" time="0.641"/>
  <testcase classname="com.eWebShop_PW.tests.HomePageSrchTests" name="searchPrd_Test" time="0.648"/>
  <testcase classname="com.eWebShop_PW.tests.HomePageSrchTests" name="homePageTitle_Test" time="0.004"/>
  <testcase classname="com.eWebShop_PW.tests.HomePageSrchTests" name="homePageURL_Test" time="0.003"/>
  <testcase classname="com.eWebShop_PW.Base.BaseTest" name="@BeforeSuite config" time="0.0">
    <ignored/>
  </testcase> <!-- @BeforeSuite config -->
</testsuite> <!-- Demo Webshop tests -->
