<?xml version="1.0" encoding="UTF-8"?>
<testng-results ignored="1" total="6" passed="5" failed="0" skipped="0">
  <reporter-output>
  </reporter-output>
  <suite started-at="2024-04-19T12:05:28 MDT" name="RegressionSuite1" finished-at="2024-04-19T12:05:50 MDT" duration-ms="21700">
    <groups>
    </groups>
    <test started-at="2024-04-19T12:05:28 MDT" name="Demo Webshop tests" finished-at="2024-04-19T12:05:50 MDT" duration-ms="21700">
      <class name="com.eWebShop_PW.tests.LoginPageTests">
        <test-method is-config="true" signature="config()[pri:0, instance:com.eWebShop_PW.tests.LoginPageTests@3b0fe47a]" started-at="2024-04-19T12:05:28 MDT" name="config" finished-at="2024-04-19T12:05:28 MDT" duration-ms="48" status="PASS">
          <reporter-output>
          </reporter-output>
        </test-method> <!-- config -->
        <test-method is-config="true" signature="setup(java.lang.String)[pri:0, instance:com.eWebShop_PW.tests.LoginPageTests@3b0fe47a]" started-at="2024-04-19T12:05:28 MDT" name="setup" finished-at="2024-04-19T12:05:33 MDT" duration-ms="4504" status="PASS">
          <params>
            <param index="0">
              <value>
                <![CDATA[chrome]]>
              </value>
            </param>
          </params>
          <reporter-output>
          </reporter-output>
        </test-method> <!-- setup -->
        <test-method signature="LoginNavigation_Test()[pri:0, instance:com.eWebShop_PW.tests.LoginPageTests@3b0fe47a]" started-at="2024-04-19T12:05:33 MDT" name="LoginNavigation_Test" finished-at="2024-04-19T12:05:33 MDT" duration-ms="381" status="PASS">
          <reporter-output>
          </reporter-output>
        </test-method> <!-- LoginNavigation_Test -->
        <test-method is-config="true" signature="tearDown()[pri:0, instance:com.eWebShop_PW.tests.LoginPageTests@3b0fe47a]" started-at="2024-04-19T12:05:33 MDT" name="tearDown" finished-at="2024-04-19T12:05:33 MDT" duration-ms="112" status="PASS">
          <reporter-output>
          </reporter-output>
        </test-method> <!-- tearDown -->
      </class> <!-- com.eWebShop_PW.tests.LoginPageTests -->
      <class name="com.eWebShop_PW.tests.HomePageSrchTests">
        <test-method is-config="true" signature="setup(java.lang.String)[pri:0, instance:com.eWebShop_PW.tests.HomePageSrchTests@74e28667]" started-at="2024-04-19T12:05:33 MDT" name="setup" finished-at="2024-04-19T12:05:37 MDT" duration-ms="3828" status="PASS">
          <params>
            <param index="0">
              <value>
                <![CDATA[chrome]]>
              </value>
            </param>
          </params>
          <reporter-output>
          </reporter-output>
        </test-method> <!-- setup -->
        <test-method signature="searchPrd_Test(java.lang.String)[pri:1, instance:com.eWebShop_PW.tests.HomePageSrchTests@74e28667]" started-at="2024-04-19T12:05:37 MDT" name="searchPrd_Test" data-provider="getProductData" finished-at="2024-04-19T12:05:38 MDT" duration-ms="735" status="PASS">
          <params>
            <param index="0">
              <value>
                <![CDATA[Blue Jeans]]>
              </value>
            </param>
          </params>
          <reporter-output>
          </reporter-output>
        </test-method> <!-- searchPrd_Test -->
        <test-method is-config="true" signature="tearDown()[pri:0, instance:com.eWebShop_PW.tests.HomePageSrchTests@74e28667]" started-at="2024-04-19T12:05:38 MDT" name="tearDown" finished-at="2024-04-19T12:05:38 MDT" duration-ms="89" status="PASS">
          <reporter-output>
          </reporter-output>
        </test-method> <!-- tearDown -->
        <test-method is-config="true" signature="setup(java.lang.String)[pri:0, instance:com.eWebShop_PW.tests.HomePageSrchTests@74e28667]" started-at="2024-04-19T12:05:38 MDT" name="setup" finished-at="2024-04-19T12:05:42 MDT" duration-ms="3372" status="PASS">
          <params>
            <param index="0">
              <value>
                <![CDATA[chrome]]>
              </value>
            </param>
          </params>
          <reporter-output>
          </reporter-output>
        </test-method> <!-- setup -->
        <test-method signature="searchPrd_Test(java.lang.String)[pri:1, instance:com.eWebShop_PW.tests.HomePageSrchTests@74e28667]" started-at="2024-04-19T12:05:42 MDT" name="searchPrd_Test" data-provider="getProductData" finished-at="2024-04-19T12:05:42 MDT" duration-ms="639" status="PASS">
          <params>
            <param index="0">
              <value>
                <![CDATA[50's Rockabilly Polka Dot Top JR Plus Size]]>
              </value>
            </param>
          </params>
          <reporter-output>
          </reporter-output>
        </test-method> <!-- searchPrd_Test -->
        <test-method is-config="true" signature="tearDown()[pri:0, instance:com.eWebShop_PW.tests.HomePageSrchTests@74e28667]" started-at="2024-04-19T12:05:43 MDT" name="tearDown" finished-at="2024-04-19T12:05:43 MDT" duration-ms="95" status="PASS">
          <reporter-output>
          </reporter-output>
        </test-method> <!-- tearDown -->
        <test-method is-config="true" signature="setup(java.lang.String)[pri:0, instance:com.eWebShop_PW.tests.HomePageSrchTests@74e28667]" started-at="2024-04-19T12:05:43 MDT" name="setup" finished-at="2024-04-19T12:05:46 MDT" duration-ms="3498" status="PASS">
          <params>
            <param index="0">
              <value>
                <![CDATA[chrome]]>
              </value>
            </param>
          </params>
          <reporter-output>
          </reporter-output>
        </test-method> <!-- setup -->
        <test-method signature="homePageTitle_Test()[pri:2, instance:com.eWebShop_PW.tests.HomePageSrchTests@74e28667]" started-at="2024-04-19T12:05:46 MDT" name="homePageTitle_Test" finished-at="2024-04-19T12:05:46 MDT" duration-ms="4" status="PASS">
          <reporter-output>
          </reporter-output>
        </test-method> <!-- homePageTitle_Test -->
        <test-method is-config="true" signature="tearDown()[pri:0, instance:com.eWebShop_PW.tests.HomePageSrchTests@74e28667]" started-at="2024-04-19T12:05:46 MDT" name="tearDown" finished-at="2024-04-19T12:05:46 MDT" duration-ms="83" status="PASS">
          <reporter-output>
          </reporter-output>
        </test-method> <!-- tearDown -->
        <test-method is-config="true" signature="setup(java.lang.String)[pri:0, instance:com.eWebShop_PW.tests.HomePageSrchTests@74e28667]" started-at="2024-04-19T12:05:46 MDT" name="setup" finished-at="2024-04-19T12:05:50 MDT" duration-ms="3181" status="PASS">
          <params>
            <param index="0">
              <value>
                <![CDATA[chrome]]>
              </value>
            </param>
          </params>
          <reporter-output>
          </reporter-output>
        </test-method> <!-- setup -->
        <test-method signature="homePageURL_Test()[pri:3, instance:com.eWebShop_PW.tests.HomePageSrchTests@74e28667]" started-at="2024-04-19T12:05:50 MDT" name="homePageURL_Test" finished-at="2024-04-19T12:05:50 MDT" duration-ms="3" status="PASS">
          <reporter-output>
          </reporter-output>
        </test-method> <!-- homePageURL_Test -->
        <test-method is-config="true" signature="tearDown()[pri:0, instance:com.eWebShop_PW.tests.HomePageSrchTests@74e28667]" started-at="2024-04-19T12:05:50 MDT" name="tearDown" finished-at="2024-04-19T12:05:50 MDT" duration-ms="82" status="PASS">
          <reporter-output>
          </reporter-output>
        </test-method> <!-- tearDown -->
      </class> <!-- com.eWebShop_PW.tests.HomePageSrchTests -->
    </test> <!-- Demo Webshop tests -->
  </suite> <!-- RegressionSuite1 -->
</testng-results>
