<?xml version="1.0" encoding="UTF-8"?>
<testsuite xmlns:xsi="http://www.w3.org/2001/XMLSchema-instance" xsi:noNamespaceSchemaLocation="https://maven.apache.org/surefire/maven-surefire-plugin/xsd/surefire-test-report.xsd" name="TestSuite" time="24.114" tests="5" errors="0" skipped="0" failures="0">
  <properties>
[...]
</properties>
  <testcase name="LoginNavigation_Test" classname="com.eWebShop_PW.tests.LoginPageTests" time="0.58"/>
  <testcase name="searchPrd_Test" classname="com.eWebShop_PW.tests.HomePageSrchTests" time="0.891"/>
  <testcase name="searchPrd_Test" classname="com.eWebShop_PW.tests.HomePageSrchTests" time="0.89"/>
  <testcase name="homePageTitle_Test" classname="com.eWebShop_PW.tests.HomePageSrchTests" time="0.168"/>
  <testcase name="homePageURL_Test" classname="com.eWebShop_PW.tests.HomePageSrchTests" time="0.159"/>
</testsuite>